生成启动时间为 2019/10/14 13:04:40。
     1>项目“F:\文档\c++\二维数组处理\二维数组处理\二维数组处理.vcxproj”在节点 2 上(build 个目标)。
     1>InitializeBuildStatus:
         正在创建“Debug\二维数组处理.unsuccessfulbuild”，因为已指定“AlwaysCreate”。
       ClCompile:
         D:\vc c++\VC\bin\CL.exe /c /ZI /nologo /W3 /WX- /Od /Oy- /D WIN32 /D _DEBUG /D _CONSOLE /D _UNICODE /D UNICODE /Gm /EHsc /RTC1 /MDd /GS /fp:precise /Zc:wchar_t /Zc:forScope /Fo"Debug\\" /Fd"Debug\vc100.pdb" /Gd /TP /analyze- /errorReport:prompt B1.cpp
         B1.cpp
       ManifestResourceCompile:
         所有输出均为最新。
       Link:
         D:\vc c++\VC\bin\link.exe /ERRORREPORT:PROMPT /OUT:"F:\文档\c++\二维数组处理\Debug\二维数组处理.exe" /INCREMENTAL /NOLOGO kernel32.lib user32.lib gdi32.lib winspool.lib comdlg32.lib advapi32.lib shell32.lib ole32.lib oleaut32.lib uuid.lib odbc32.lib odbccp32.lib /MANIFEST /ManifestFile:"Debug\二维数组处理.exe.intermediate.manifest" /MANIFESTUAC:"level='asInvoker' uiAccess='false'" /DEBUG /PDB:"F:\文档\c++\二维数组处理\Debug\二维数组处理.pdb" /SUBSYSTEM:CONSOLE /TLBID:1 /DYNAMICBASE /NXCOMPAT /IMPLIB:"F:\文档\c++\二维数组处理\Debug\二维数组处理.lib" /MACHINE:X86 "Debug\二维数组处理.exe.embed.manifest.res"
         Debug\B1.obj
       Manifest:
         C:\Program Files (x86)\Microsoft SDKs\Windows\v7.0A\bin\mt.exe /nologo /verbose /out:"Debug\二维数组处理.exe.embed.manifest" /manifest "Debug\二维数组处理.exe.intermediate.manifest"
         所有输出均为最新。
       LinkEmbedManifest:
         所有输出均为最新。
         二维数组处理.vcxproj -> F:\文档\c++\二维数组处理\Debug\二维数组处理.exe
       FinalizeBuildStatus:
         正在删除文件“Debug\二维数组处理.unsuccessfulbuild”。
         正在对“Debug\二维数组处理.lastbuildstate”执行 Touch 任务。
     1>已完成生成项目“F:\文档\c++\二维数组处理\二维数组处理\二维数组处理.vcxproj”(build 个目标)的操作。

生成成功。

已用时间 00:00:00.69
