生成启动时间为 2019/10/26 16:11:12。
     1>项目“F:\文档\c++\类和对象\类和对象\类和对象.vcxproj”在节点 2 上(build 个目标)。
     1>InitializeBuildStatus:
         正在对“Debug\类和对象.unsuccessfulbuild”执行 Touch 任务。
       ClCompile:
         D:\vc c++\VC\bin\CL.exe /c /ZI /nologo /W3 /WX- /Od /Oy- /D WIN32 /D _DEBUG /D _CONSOLE /D _UNICODE /D UNICODE /Gm /EHsc /RTC1 /MDd /GS /fp:precise /Zc:wchar_t /Zc:forScope /Fo"Debug\\" /Fd"Debug\vc100.pdb" /Gd /TP /analyze- /errorReport:prompt a.cpp
         a.cpp
       ManifestResourceCompile:
         所有输出均为最新。
       Link:
         D:\vc c++\VC\bin\link.exe /ERRORREPORT:PROMPT /OUT:"F:\文档\c++\类和对象\Debug\类和对象.exe" /INCREMENTAL /NOLOGO kernel32.lib user32.lib gdi32.lib winspool.lib comdlg32.lib advapi32.lib shell32.lib ole32.lib oleaut32.lib uuid.lib odbc32.lib odbccp32.lib /MANIFEST /ManifestFile:"Debug\类和对象.exe.intermediate.manifest" /MANIFESTUAC:"level='asInvoker' uiAccess='false'" /DEBUG /PDB:"F:\文档\c++\类和对象\Debug\类和对象.pdb" /SUBSYSTEM:CONSOLE /TLBID:1 /DYNAMICBASE /NXCOMPAT /IMPLIB:"F:\文档\c++\类和对象\Debug\类和对象.lib" /MACHINE:X86 "Debug\类和对象.exe.embed.manifest.res"
         Debug\a.obj
       Manifest:
         C:\Program Files (x86)\Microsoft SDKs\Windows\v7.0A\bin\mt.exe /nologo /verbose /out:"Debug\类和对象.exe.embed.manifest" /manifest "Debug\类和对象.exe.intermediate.manifest"
         C:\Program Files (x86)\Microsoft SDKs\Windows\v7.0A\bin\rc.exe /nologo /fo"Debug\类和对象.exe.embed.manifest.res" "Debug\类和对象_manifest.rc" 
       LinkEmbedManifest:
         D:\vc c++\VC\bin\link.exe /ERRORREPORT:PROMPT /OUT:"F:\文档\c++\类和对象\Debug\类和对象.exe" /INCREMENTAL /NOLOGO kernel32.lib user32.lib gdi32.lib winspool.lib comdlg32.lib advapi32.lib shell32.lib ole32.lib oleaut32.lib uuid.lib odbc32.lib odbccp32.lib /MANIFEST /ManifestFile:"Debug\类和对象.exe.intermediate.manifest" /MANIFESTUAC:"level='asInvoker' uiAccess='false'" /DEBUG /PDB:"F:\文档\c++\类和对象\Debug\类和对象.pdb" /SUBSYSTEM:CONSOLE /TLBID:1 /DYNAMICBASE /NXCOMPAT /IMPLIB:"F:\文档\c++\类和对象\Debug\类和对象.lib" /MACHINE:X86 "Debug\类和对象.exe.embed.manifest.res"
         Debug\a.obj
         类和对象.vcxproj -> F:\文档\c++\类和对象\Debug\类和对象.exe
       FinalizeBuildStatus:
         正在删除文件“Debug\类和对象.unsuccessfulbuild”。
         正在对“Debug\类和对象.lastbuildstate”执行 Touch 任务。
     1>已完成生成项目“F:\文档\c++\类和对象\类和对象\类和对象.vcxproj”(build 个目标)的操作。

生成成功。

已用时间 00:00:02.24
